# Logfile created on 2014-06-03 16:45:29 +0200 by logger.rb/44203
I, [2014-06-03T16:45:29.338600 #16966]  INFO -- : 0:  rake (10.3.2) from /home/salvatore/.rvm/gems/ruby-2.1.0/specifications/rake-10.3.2.gemspec
I, [2014-06-03T16:45:29.338919 #16966]  INFO -- : 0:  i18n (0.6.9) from /home/salvatore/.rvm/gems/ruby-2.1.0/specifications/i18n-0.6.9.gemspec
I, [2014-06-03T16:45:29.339172 #16966]  INFO -- : 0:  multi_json (1.10.1) from /home/salvatore/.rvm/gems/ruby-2.1.0/specifications/multi_json-1.10.1.gemspec
I, [2014-06-03T16:45:30.280993 #16966]  INFO -- : 0:  activesupport (3.2.18) from /home/salvatore/.rvm/gems/ruby-2.1.0/specifications/activesupport-3.2.18.gemspec
I, [2014-06-03T16:45:30.281566 #16966]  INFO -- : 0:  builder (3.0.4) from /home/salvatore/.rvm/gems/ruby-2.1.0/specifications/builder-3.0.4.gemspec
I, [2014-06-03T16:45:30.856800 #16966]  INFO -- : 0:  activemodel (3.2.18) from /home/salvatore/.rvm/gems/ruby-2.1.0/specifications/activemodel-3.2.18.gemspec
I, [2014-06-03T16:45:30.857333 #16966]  INFO -- : 0:  erubis (2.7.0) from /home/salvatore/.rvm/gems/ruby-2.1.0/specifications/erubis-2.7.0.gemspec
I, [2014-06-03T16:45:30.857753 #16966]  INFO -- : 0:  journey (1.0.4) from /home/salvatore/.rvm/gems/ruby-2.1.0/specifications/journey-1.0.4.gemspec
I, [2014-06-03T16:45:30.858170 #16966]  INFO -- : 0:  rack (1.4.5) from /home/salvatore/.rvm/gems/ruby-2.1.0/specifications/rack-1.4.5.gemspec
I, [2014-06-03T16:45:30.858592 #16966]  INFO -- : 0:  rack-cache (1.2) from /home/salvatore/.rvm/gems/ruby-2.1.0/specifications/rack-cache-1.2.gemspec
I, [2014-06-03T16:45:30.859111 #16966]  INFO -- : 0:  rack-test (0.6.2) from /home/salvatore/.rvm/gems/ruby-2.1.0/specifications/rack-test-0.6.2.gemspec
I, [2014-06-03T16:45:30.859563 #16966]  INFO -- : 0:  hike (1.2.3) from /home/salvatore/.rvm/gems/ruby-2.1.0/specifications/hike-1.2.3.gemspec
I, [2014-06-03T16:45:30.859983 #16966]  INFO -- : 0:  tilt (1.4.1) from /home/salvatore/.rvm/gems/ruby-2.1.0/specifications/tilt-1.4.1.gemspec
I, [2014-06-03T16:45:30.860412 #16966]  INFO -- : 0:  sprockets (2.2.2) from /home/salvatore/.rvm/gems/ruby-2.1.0/specifications/sprockets-2.2.2.gemspec
I, [2014-06-03T16:45:31.768134 #16966]  INFO -- : 0:  actionpack (3.2.18) from /home/salvatore/.rvm/gems/ruby-2.1.0/specifications/actionpack-3.2.18.gemspec
I, [2014-06-03T16:45:31.768658 #16966]  INFO -- : 0:  mime-types (1.25.1) from /home/salvatore/.rvm/gems/ruby-2.1.0/specifications/mime-types-1.25.1.gemspec
I, [2014-06-03T16:45:31.769089 #16966]  INFO -- : 0:  polyglot (0.3.5) from /home/salvatore/.rvm/gems/ruby-2.1.0/specifications/polyglot-0.3.5.gemspec
I, [2014-06-03T16:45:31.769510 #16966]  INFO -- : 0:  treetop (1.4.15) from /home/salvatore/.rvm/gems/ruby-2.1.0/specifications/treetop-1.4.15.gemspec
I, [2014-06-03T16:45:31.769918 #16966]  INFO -- : 0:  mail (2.5.4) from /home/salvatore/.rvm/gems/ruby-2.1.0/specifications/mail-2.5.4.gemspec
I, [2014-06-03T16:45:32.318862 #16966]  INFO -- : 0:  actionmailer (3.2.18) from /home/salvatore/.rvm/gems/ruby-2.1.0/specifications/actionmailer-3.2.18.gemspec
I, [2014-06-03T16:45:32.319434 #16966]  INFO -- : 0:  active_utils (2.2.1) from /home/salvatore/.rvm/gems/ruby-2.1.0/specifications/active_utils-2.2.1.gemspec
I, [2014-06-03T16:45:33.726192 #16966]  INFO -- : 0:  json (1.7.7) from /home/salvatore/.rvm/gems/ruby-2.1.0/specifications/json-1.7.7.gemspec
I, [2014-06-03T16:45:34.362749 #16966]  INFO -- : 0:  money (5.1.1) from /home/salvatore/.rvm/gems/ruby-2.1.0/specifications/money-5.1.1.gemspec
I, [2014-06-03T16:45:34.363065 #16966]  INFO -- : 0:  mini_portile (0.6.0) from /home/salvatore/.rvm/gems/ruby-2.1.0/specifications/mini_portile-0.6.0.gemspec
I, [2014-06-03T16:45:34.363292 #16966]  INFO -- : 0:  nokogiri (1.6.2.1) from /home/salvatore/.rvm/gems/ruby-2.1.0/specifications/nokogiri-1.6.2.1.gemspec
I, [2014-06-03T16:45:35.348478 #16966]  INFO -- : 0:  activemerchant (1.43.1) from /home/salvatore/.rvm/gems/ruby-2.1.0/specifications/activemerchant-1.43.1.gemspec
I, [2014-06-03T16:45:35.349038 #16966]  INFO -- : 0:  arel (3.0.3) from /home/salvatore/.rvm/gems/ruby-2.1.0/specifications/arel-3.0.3.gemspec
I, [2014-06-03T16:45:35.349497 #16966]  INFO -- : 0:  tzinfo (0.3.39) from /home/salvatore/.rvm/gems/ruby-2.1.0/specifications/tzinfo-0.3.39.gemspec
I, [2014-06-03T16:45:36.207691 #16966]  INFO -- : 0:  activerecord (3.2.18) from /home/salvatore/.rvm/gems/ruby-2.1.0/specifications/activerecord-3.2.18.gemspec
I, [2014-06-03T16:45:36.767446 #16966]  INFO -- : 0:  activeresource (3.2.18) from /home/salvatore/.rvm/gems/ruby-2.1.0/specifications/activeresource-3.2.18.gemspec
I, [2014-06-03T16:45:37.292835 #16966]  INFO -- : 0:  acts_as_list (0.1.4) from /home/salvatore/.rvm/gems/ruby-2.1.0/specifications/acts_as_list-0.1.4.gemspec
I, [2014-06-03T16:45:37.293368 #16966]  INFO -- : 0:  addressable (2.3.6) from /home/salvatore/.rvm/gems/ruby-2.1.0/specifications/addressable-2.3.6.gemspec
I, [2014-06-03T16:45:37.826486 #16966]  INFO -- : 0:  awesome_nested_set (2.1.5) from /home/salvatore/.rvm/gems/ruby-2.1.0/specifications/awesome_nested_set-2.1.5.gemspec
I, [2014-06-03T16:45:37.826981 #16966]  INFO -- : 0:  uuidtools (2.1.4) from /home/salvatore/.rvm/gems/ruby-2.1.0/specifications/uuidtools-2.1.4.gemspec
I, [2014-06-03T16:45:39.212853 #16966]  INFO -- : 0:  aws-sdk (1.11.1) from /home/salvatore/.rvm/gems/ruby-2.1.0/specifications/aws-sdk-1.11.1.gemspec
I, [2014-06-03T16:45:39.213414 #16966]  INFO -- : 0:  bundler (1.5.0) from /home/salvatore/.rvm/gems/ruby-2.1.0@global/specifications/bundler-1.5.0.gemspec
I, [2014-06-03T16:45:39.796554 #16966]  INFO -- : 0:  cancan (1.6.8) from /home/salvatore/.rvm/gems/ruby-2.1.0/specifications/cancan-1.6.8.gemspec
I, [2014-06-03T16:45:39.797075 #16966]  INFO -- : 0:  ffi (1.9.3) from /home/salvatore/.rvm/gems/ruby-2.1.0/specifications/ffi-1.9.3.gemspec
I, [2014-06-03T16:45:40.476855 #16966]  INFO -- : 0:  childprocess (0.5.3) from /home/salvatore/.rvm/gems/ruby-2.1.0/specifications/childprocess-0.5.3.gemspec
I, [2014-06-03T16:45:41.074524 #16966]  INFO -- : 0:  rubyzip (1.1.4) from /home/salvatore/.rvm/gems/ruby-2.1.0/specifications/rubyzip-1.1.4.gemspec
I, [2014-06-03T16:45:41.741812 #16966]  INFO -- : 0:  websocket (1.0.7) from /home/salvatore/.rvm/gems/ruby-2.1.0/specifications/websocket-1.0.7.gemspec
I, [2014-06-03T16:45:44.802550 #16966]  INFO -- : 0:  selenium-webdriver (2.42.0) from /home/salvatore/.rvm/gems/ruby-2.1.0/specifications/selenium-webdriver-2.42.0.gemspec
I, [2014-06-03T16:45:45.340011 #16966]  INFO -- : 0:  xpath (0.1.4) from /home/salvatore/.rvm/gems/ruby-2.1.0/specifications/xpath-0.1.4.gemspec
I, [2014-06-03T16:45:45.978074 #16966]  INFO -- : 0:  capybara (1.1.4) from /home/salvatore/.rvm/gems/ruby-2.1.0/specifications/capybara-1.1.4.gemspec
I, [2014-06-03T16:45:45.978608 #16966]  INFO -- : 0:  climate_control (0.0.3) from /home/salvatore/.rvm/gems/ruby-2.1.0/specifications/climate_control-0.0.3.gemspec
I, [2014-06-03T16:45:45.978811 #16966]  INFO -- : 0:  cocaine (0.5.4) from /home/salvatore/.rvm/gems/ruby-2.1.0/specifications/cocaine-0.5.4.gemspec
I, [2014-06-03T16:45:45.979007 #16966]  INFO -- : 0:  coffee-script-source (1.7.0) from /home/salvatore/.rvm/gems/ruby-2.1.0/specifications/coffee-script-source-1.7.0.gemspec
I, [2014-06-03T16:45:46.619754 #16966]  INFO -- : 0:  execjs (2.1.0) from /home/salvatore/.rvm/gems/ruby-2.1.0/specifications/execjs-2.1.0.gemspec
I, [2014-06-03T16:45:46.620324 #16966]  INFO -- : 0:  coffee-script (2.2.0) from /home/salvatore/.rvm/gems/ruby-2.1.0/specifications/coffee-script-2.2.0.gemspec
I, [2014-06-03T16:45:47.122375 #16966]  INFO -- : 0:  rack-ssl (1.3.4) from /home/salvatore/.rvm/gems/ruby-2.1.0/specifications/rack-ssl-1.3.4.gemspec
I, [2014-06-03T16:45:47.122934 #16966]  INFO -- : 0:  rdoc (3.12.2) from /home/salvatore/.rvm/gems/ruby-2.1.0/specifications/rdoc-3.12.2.gemspec
I, [2014-06-03T16:45:47.123382 #16966]  INFO -- : 0:  thor (0.19.1) from /home/salvatore/.rvm/gems/ruby-2.1.0/specifications/thor-0.19.1.gemspec
I, [2014-06-03T16:45:49.212025 #16966]  INFO -- : 0:  railties (3.2.18) from /home/salvatore/.rvm/gems/ruby-2.1.0/specifications/railties-3.2.18.gemspec
I, [2014-06-03T16:45:49.212595 #16966]  INFO -- : 0:  coffee-rails (3.2.2) from /home/salvatore/.rvm/gems/ruby-2.1.0/specifications/coffee-rails-3.2.2.gemspec
I, [2014-06-03T16:45:49.213090 #16966]  INFO -- : 0:  colorize (0.7.3) from /home/salvatore/.rvm/gems/ruby-2.1.0/specifications/colorize-0.7.3.gemspec
I, [2014-06-03T16:45:49.770656 #16966]  INFO -- : 0:  safe_yaml (1.0.3) from /home/salvatore/.rvm/gems/ruby-2.1.0/specifications/safe_yaml-1.0.3.gemspec
I, [2014-06-03T16:45:50.319957 #16966]  INFO -- : 0:  crack (0.4.2) from /home/salvatore/.rvm/gems/ruby-2.1.0/specifications/crack-0.4.2.gemspec
I, [2014-06-03T16:45:50.822150 #16966]  INFO -- : 0:  rails (3.2.18) from /home/salvatore/.rvm/gems/ruby-2.1.0/specifications/rails-3.2.18.gemspec
I, [2014-06-03T16:45:50.822671 #16966]  INFO -- : 0:  deface (1.0.0) from /home/salvatore/.rvm/gems/ruby-2.1.0/specifications/deface-1.0.0.gemspec
I, [2014-06-03T16:45:50.823122 #16966]  INFO -- : 0:  diff-lcs (1.2.5) from /home/salvatore/.rvm/gems/ruby-2.1.0/specifications/diff-lcs-1.2.5.gemspec
I, [2014-06-03T16:45:51.562823 #16966]  INFO -- : 0:  excon (0.34.0) from /home/salvatore/.rvm/gems/ruby-2.1.0/specifications/excon-0.34.0.gemspec
I, [2014-06-03T16:45:52.197810 #16966]  INFO -- : 0:  factory_girl (3.0.0) from /home/salvatore/.rvm/gems/ruby-2.1.0/specifications/factory_girl-3.0.0.gemspec
I, [2014-06-03T16:45:52.715293 #16966]  INFO -- : 0:  factory_girl_rails (3.0.0) from /home/salvatore/.rvm/gems/ruby-2.1.0/specifications/factory_girl_rails-3.0.0.gemspec
I, [2014-06-03T16:45:52.715832 #16966]  INFO -- : 0:  multipart-post (2.0.0) from /home/salvatore/.rvm/gems/ruby-2.1.0/specifications/multipart-post-2.0.0.gemspec
I, [2014-06-03T16:45:52.716278 #16966]  INFO -- : 0:  faraday (0.9.0) from /home/salvatore/.rvm/gems/ruby-2.1.0/specifications/faraday-0.9.0.gemspec
I, [2014-06-03T16:45:53.365768 #16966]  INFO -- : 0:  ffaker (1.15.0) from /home/salvatore/.rvm/gems/ruby-2.1.0/specifications/ffaker-1.15.0.gemspec
I, [2014-06-03T16:45:54.108073 #16966]  INFO -- : 0:  highline (1.6.18) from /home/salvatore/.rvm/gems/ruby-2.1.0/specifications/highline-1.6.18.gemspec
I, [2014-06-03T16:45:54.976229 #16966]  INFO -- : 0:  jquery-rails (2.2.2) from /home/salvatore/.rvm/gems/ruby-2.1.0/specifications/jquery-rails-2.2.2.gemspec
I, [2014-06-03T16:45:55.476652 #16966]  INFO -- : 0:  jwt (1.0.0) from /home/salvatore/.rvm/gems/ruby-2.1.0/specifications/jwt-1.0.0.gemspec
I, [2014-06-03T16:45:56.069859 #16966]  INFO -- : 0:  kaminari (0.14.1) from /home/salvatore/.rvm/gems/ruby-2.1.0/specifications/kaminari-0.14.1.gemspec
I, [2014-06-03T16:45:56.070427 #16966]  INFO -- : 0:  multi_xml (0.5.5) from /home/salvatore/.rvm/gems/ruby-2.1.0/specifications/multi_xml-0.5.5.gemspec
I, [2014-06-03T16:45:56.070684 #16966]  INFO -- : 0:  oauth (0.4.7) from /home/salvatore/.rvm/gems/ruby-2.1.0/specifications/oauth-0.4.7.gemspec
I, [2014-06-03T16:45:56.673140 #16966]  INFO -- : 0:  oauth2 (0.9.4) from /home/salvatore/.rvm/gems/ruby-2.1.0/specifications/oauth2-0.9.4.gemspec
I, [2014-06-03T16:45:57.349117 #16966]  INFO -- : 0:  paperclip (2.8.0) from /home/salvatore/.rvm/gems/ruby-2.1.0/specifications/paperclip-2.8.0.gemspec
I, [2014-06-03T16:45:57.349651 #16966]  INFO -- : 0:  polyamorous (0.5.0) from /home/salvatore/.rvm/gems/ruby-2.1.0/specifications/polyamorous-0.5.0.gemspec
I, [2014-06-03T16:45:58.048457 #16966]  INFO -- : 0:  rabl (0.7.2) from /home/salvatore/.rvm/gems/ruby-2.1.0/specifications/rabl-0.7.2.gemspec
I, [2014-06-03T16:45:58.602521 #16966]  INFO -- : 0:  ransack (0.7.2) from /home/salvatore/.rvm/gems/ruby-2.1.0/specifications/ransack-0.7.2.gemspec
I, [2014-06-03T16:45:59.271678 #16966]  INFO -- : 0:  rspec-expectations (2.99.0) from /home/salvatore/.rvm/gems/ruby-2.1.0/specifications/rspec-expectations-2.99.0.gemspec
I, [2014-06-03T16:45:59.872931 #16966]  INFO -- : 0:  rspec-collection_matchers (0.0.4) from /home/salvatore/.rvm/gems/ruby-2.1.0/specifications/rspec-collection_matchers-0.0.4.gemspec
I, [2014-06-03T16:46:00.624686 #16966]  INFO -- : 0:  rspec-core (2.99.0) from /home/salvatore/.rvm/gems/ruby-2.1.0/specifications/rspec-core-2.99.0.gemspec
I, [2014-06-03T16:46:01.284004 #16966]  INFO -- : 0:  rspec-mocks (2.99.0) from /home/salvatore/.rvm/gems/ruby-2.1.0/specifications/rspec-mocks-2.99.0.gemspec
I, [2014-06-03T16:46:01.894572 #16966]  INFO -- : 0:  rspec-rails (2.99.0) from /home/salvatore/.rvm/gems/ruby-2.1.0/specifications/rspec-rails-2.99.0.gemspec
I, [2014-06-03T16:46:02.453469 #16966]  INFO -- : 0:  select2-rails (3.2.1) from /home/salvatore/.rvm/gems/ruby-2.1.0/specifications/select2-rails-3.2.1.gemspec
I, [2014-06-03T16:46:03.122378 #16966]  INFO -- : 0:  shoulda-matchers (2.6.1) from /home/salvatore/.rvm/gems/ruby-2.1.0/specifications/shoulda-matchers-2.6.1.gemspec
I, [2014-06-03T16:46:03.631075 #16966]  INFO -- : 0:  simple_oauth (0.2.0) from /home/salvatore/.rvm/gems/ruby-2.1.0/specifications/simple_oauth-0.2.0.gemspec
I, [2014-06-03T16:46:04.582960 #16966]  INFO -- : 0:  state_machine (1.1.2) from /home/salvatore/.rvm/gems/ruby-2.1.0/specifications/state_machine-1.1.2.gemspec
I, [2014-06-03T16:46:05.292150 #16966]  INFO -- : 0:  stringex (1.3.3) from /home/salvatore/.rvm/gems/ruby-2.1.0/specifications/stringex-1.3.3.gemspec
I, [2014-06-03T16:46:05.850942 #16966]  INFO -- : 0:  truncate_html (0.5.5) from /home/salvatore/.rvm/gems/ruby-2.1.0/specifications/truncate_html-0.5.5.gemspec
I, [2014-06-03T16:46:07.360833 #16966]  INFO -- : 0:  spree_core (1.3.5) from /home/salvatore/.rvm/gems/ruby-2.1.0/specifications/spree_core-1.3.5.gemspec
I, [2014-06-03T16:46:07.927612 #16966]  INFO -- : 0:  versioncake (0.4.0) from /home/salvatore/.rvm/gems/ruby-2.1.0/specifications/versioncake-0.4.0.gemspec
I, [2014-06-03T16:46:08.587574 #16966]  INFO -- : 0:  spree_api (1.3.5) from /home/salvatore/.rvm/gems/ruby-2.1.0/specifications/spree_api-1.3.5.gemspec
I, [2014-06-03T16:46:09.104484 #16966]  INFO -- : 0:  spree_cmd (1.3.5) from /home/salvatore/.rvm/gems/ruby-2.1.0/specifications/spree_cmd-1.3.5.gemspec
I, [2014-06-03T16:46:09.667100 #16966]  INFO -- : 0:  spree_promo (1.3.5) from /home/salvatore/.rvm/gems/ruby-2.1.0/specifications/spree_promo-1.3.5.gemspec
I, [2014-06-03T16:46:11.201453 #16966]  INFO -- : 0:  spree_sample (1.3.5) from /home/salvatore/.rvm/gems/ruby-2.1.0/specifications/spree_sample-1.3.5.gemspec
I, [2014-06-03T16:46:11.728550 #16966]  INFO -- : 0:  spree (1.3.5) from /home/salvatore/.rvm/gems/ruby-2.1.0/specifications/spree-1.3.5.gemspec
I, [2014-06-03T16:46:12.363408 #16966]  INFO -- : 0:  webmock (1.18.0) from /home/salvatore/.rvm/gems/ruby-2.1.0/specifications/webmock-1.18.0.gemspec
I, [2014-06-03T16:46:12.942145 #16966]  INFO -- : 0:  youtube_it (2.4.0) from /home/salvatore/.rvm/gems/ruby-2.1.0/specifications/youtube_it-2.4.0.gemspec
I, [2014-06-03T16:46:12.956748 #16966]  INFO -- : 0:  spree_videos (2.1.0) from /home/salvatore/Works/pulled_gems/Spree-Videos/spree_videos.gemspec
I, [2014-06-03T16:46:12.957044 #16966]  INFO -- : 0:  sqlite3 (1.3.9) from /home/salvatore/.rvm/gems/ruby-2.1.0/specifications/sqlite3-1.3.9.gemspec
I, [2014-06-03T16:55:12.877069 #18242]  INFO -- : 0:  rake (10.3.2) from /home/salvatore/.rvm/gems/ruby-2.1.0/specifications/rake-10.3.2.gemspec
I, [2014-06-03T16:55:12.877459 #18242]  INFO -- : 0:  i18n (0.6.9) from /home/salvatore/.rvm/gems/ruby-2.1.0/specifications/i18n-0.6.9.gemspec
I, [2014-06-03T16:55:12.877695 #18242]  INFO -- : 0:  multi_json (1.10.1) from /home/salvatore/.rvm/gems/ruby-2.1.0/specifications/multi_json-1.10.1.gemspec
I, [2014-06-03T16:55:12.877949 #18242]  INFO -- : 0:  activesupport (3.2.18) from /home/salvatore/.rvm/gems/ruby-2.1.0/specifications/activesupport-3.2.18.gemspec
I, [2014-06-03T16:55:12.878208 #18242]  INFO -- : 0:  builder (3.0.4) from /home/salvatore/.rvm/gems/ruby-2.1.0/specifications/builder-3.0.4.gemspec
I, [2014-06-03T16:55:12.878465 #18242]  INFO -- : 0:  activemodel (3.2.18) from /home/salvatore/.rvm/gems/ruby-2.1.0/specifications/activemodel-3.2.18.gemspec
I, [2014-06-03T16:55:12.878728 #18242]  INFO -- : 0:  erubis (2.7.0) from /home/salvatore/.rvm/gems/ruby-2.1.0/specifications/erubis-2.7.0.gemspec
I, [2014-06-03T16:55:12.878961 #18242]  INFO -- : 0:  journey (1.0.4) from /home/salvatore/.rvm/gems/ruby-2.1.0/specifications/journey-1.0.4.gemspec
I, [2014-06-03T16:55:12.879183 #18242]  INFO -- : 0:  rack (1.4.5) from /home/salvatore/.rvm/gems/ruby-2.1.0/specifications/rack-1.4.5.gemspec
I, [2014-06-03T16:55:12.879397 #18242]  INFO -- : 0:  rack-cache (1.2) from /home/salvatore/.rvm/gems/ruby-2.1.0/specifications/rack-cache-1.2.gemspec
I, [2014-06-03T16:55:12.879605 #18242]  INFO -- : 0:  rack-test (0.6.2) from /home/salvatore/.rvm/gems/ruby-2.1.0/specifications/rack-test-0.6.2.gemspec
I, [2014-06-03T16:55:12.879813 #18242]  INFO -- : 0:  hike (1.2.3) from /home/salvatore/.rvm/gems/ruby-2.1.0/specifications/hike-1.2.3.gemspec
I, [2014-06-03T16:55:12.880019 #18242]  INFO -- : 0:  tilt (1.4.1) from /home/salvatore/.rvm/gems/ruby-2.1.0/specifications/tilt-1.4.1.gemspec
I, [2014-06-03T16:55:12.880253 #18242]  INFO -- : 0:  sprockets (2.2.2) from /home/salvatore/.rvm/gems/ruby-2.1.0/specifications/sprockets-2.2.2.gemspec
I, [2014-06-03T16:55:12.880480 #18242]  INFO -- : 0:  actionpack (3.2.18) from /home/salvatore/.rvm/gems/ruby-2.1.0/specifications/actionpack-3.2.18.gemspec
I, [2014-06-03T16:55:12.880683 #18242]  INFO -- : 0:  mime-types (1.25.1) from /home/salvatore/.rvm/gems/ruby-2.1.0/specifications/mime-types-1.25.1.gemspec
I, [2014-06-03T16:55:12.880889 #18242]  INFO -- : 0:  polyglot (0.3.5) from /home/salvatore/.rvm/gems/ruby-2.1.0/specifications/polyglot-0.3.5.gemspec
I, [2014-06-03T16:55:12.881093 #18242]  INFO -- : 0:  treetop (1.4.15) from /home/salvatore/.rvm/gems/ruby-2.1.0/specifications/treetop-1.4.15.gemspec
I, [2014-06-03T16:55:12.881294 #18242]  INFO -- : 0:  mail (2.5.4) from /home/salvatore/.rvm/gems/ruby-2.1.0/specifications/mail-2.5.4.gemspec
I, [2014-06-03T16:55:12.881597 #18242]  INFO -- : 0:  actionmailer (3.2.18) from /home/salvatore/.rvm/gems/ruby-2.1.0/specifications/actionmailer-3.2.18.gemspec
I, [2014-06-03T16:55:12.881814 #18242]  INFO -- : 0:  active_utils (2.2.1) from /home/salvatore/.rvm/gems/ruby-2.1.0/specifications/active_utils-2.2.1.gemspec
I, [2014-06-03T16:55:12.882024 #18242]  INFO -- : 0:  json (1.7.7) from /home/salvatore/.rvm/gems/ruby-2.1.0/specifications/json-1.7.7.gemspec
I, [2014-06-03T16:55:12.882235 #18242]  INFO -- : 0:  money (5.1.1) from /home/salvatore/.rvm/gems/ruby-2.1.0/specifications/money-5.1.1.gemspec
I, [2014-06-03T16:55:12.882467 #18242]  INFO -- : 0:  mini_portile (0.6.0) from /home/salvatore/.rvm/gems/ruby-2.1.0/specifications/mini_portile-0.6.0.gemspec
I, [2014-06-03T16:55:12.882701 #18242]  INFO -- : 0:  nokogiri (1.6.2.1) from /home/salvatore/.rvm/gems/ruby-2.1.0/specifications/nokogiri-1.6.2.1.gemspec
I, [2014-06-03T16:55:12.882932 #18242]  INFO -- : 0:  activemerchant (1.43.1) from /home/salvatore/.rvm/gems/ruby-2.1.0/specifications/activemerchant-1.43.1.gemspec
I, [2014-06-03T16:55:12.883164 #18242]  INFO -- : 0:  arel (3.0.3) from /home/salvatore/.rvm/gems/ruby-2.1.0/specifications/arel-3.0.3.gemspec
I, [2014-06-03T16:55:12.883378 #18242]  INFO -- : 0:  tzinfo (0.3.39) from /home/salvatore/.rvm/gems/ruby-2.1.0/specifications/tzinfo-0.3.39.gemspec
I, [2014-06-03T16:55:12.883619 #18242]  INFO -- : 0:  activerecord (3.2.18) from /home/salvatore/.rvm/gems/ruby-2.1.0/specifications/activerecord-3.2.18.gemspec
I, [2014-06-03T16:55:12.883838 #18242]  INFO -- : 0:  activeresource (3.2.18) from /home/salvatore/.rvm/gems/ruby-2.1.0/specifications/activeresource-3.2.18.gemspec
I, [2014-06-03T16:55:12.884038 #18242]  INFO -- : 0:  acts_as_list (0.1.4) from /home/salvatore/.rvm/gems/ruby-2.1.0/specifications/acts_as_list-0.1.4.gemspec
I, [2014-06-03T16:55:12.884255 #18242]  INFO -- : 0:  addressable (2.3.6) from /home/salvatore/.rvm/gems/ruby-2.1.0/specifications/addressable-2.3.6.gemspec
I, [2014-06-03T16:55:12.884462 #18242]  INFO -- : 0:  awesome_nested_set (2.1.5) from /home/salvatore/.rvm/gems/ruby-2.1.0/specifications/awesome_nested_set-2.1.5.gemspec
I, [2014-06-03T16:55:12.884657 #18242]  INFO -- : 0:  uuidtools (2.1.4) from /home/salvatore/.rvm/gems/ruby-2.1.0/specifications/uuidtools-2.1.4.gemspec
I, [2014-06-03T16:55:12.884866 #18242]  INFO -- : 0:  aws-sdk (1.11.1) from /home/salvatore/.rvm/gems/ruby-2.1.0/specifications/aws-sdk-1.11.1.gemspec
I, [2014-06-03T16:55:12.885056 #18242]  INFO -- : 0:  bundler (1.5.0) from /home/salvatore/.rvm/gems/ruby-2.1.0@global/specifications/bundler-1.5.0.gemspec
I, [2014-06-03T16:55:12.885256 #18242]  INFO -- : 0:  cancan (1.6.8) from /home/salvatore/.rvm/gems/ruby-2.1.0/specifications/cancan-1.6.8.gemspec
I, [2014-06-03T16:55:12.885458 #18242]  INFO -- : 0:  ffi (1.9.3) from /home/salvatore/.rvm/gems/ruby-2.1.0/specifications/ffi-1.9.3.gemspec
I, [2014-06-03T16:55:12.885653 #18242]  INFO -- : 0:  childprocess (0.5.3) from /home/salvatore/.rvm/gems/ruby-2.1.0/specifications/childprocess-0.5.3.gemspec
I, [2014-06-03T16:55:12.885856 #18242]  INFO -- : 0:  rubyzip (1.1.4) from /home/salvatore/.rvm/gems/ruby-2.1.0/specifications/rubyzip-1.1.4.gemspec
I, [2014-06-03T16:55:12.886048 #18242]  INFO -- : 0:  websocket (1.0.7) from /home/salvatore/.rvm/gems/ruby-2.1.0/specifications/websocket-1.0.7.gemspec
I, [2014-06-03T16:55:12.886252 #18242]  INFO -- : 0:  selenium-webdriver (2.42.0) from /home/salvatore/.rvm/gems/ruby-2.1.0/specifications/selenium-webdriver-2.42.0.gemspec
I, [2014-06-03T16:55:12.886487 #18242]  INFO -- : 0:  xpath (0.1.4) from /home/salvatore/.rvm/gems/ruby-2.1.0/specifications/xpath-0.1.4.gemspec
I, [2014-06-03T16:55:12.886693 #18242]  INFO -- : 0:  capybara (1.1.4) from /home/salvatore/.rvm/gems/ruby-2.1.0/specifications/capybara-1.1.4.gemspec
I, [2014-06-03T16:55:12.886918 #18242]  INFO -- : 0:  climate_control (0.0.3) from /home/salvatore/.rvm/gems/ruby-2.1.0/specifications/climate_control-0.0.3.gemspec
I, [2014-06-03T16:55:12.887124 #18242]  INFO -- : 0:  cocaine (0.5.4) from /home/salvatore/.rvm/gems/ruby-2.1.0/specifications/cocaine-0.5.4.gemspec
I, [2014-06-03T16:55:12.887332 #18242]  INFO -- : 0:  coffee-script-source (1.7.0) from /home/salvatore/.rvm/gems/ruby-2.1.0/specifications/coffee-script-source-1.7.0.gemspec
I, [2014-06-03T16:55:12.887543 #18242]  INFO -- : 0:  execjs (2.1.0) from /home/salvatore/.rvm/gems/ruby-2.1.0/specifications/execjs-2.1.0.gemspec
I, [2014-06-03T16:55:12.887744 #18242]  INFO -- : 0:  coffee-script (2.2.0) from /home/salvatore/.rvm/gems/ruby-2.1.0/specifications/coffee-script-2.2.0.gemspec
I, [2014-06-03T16:55:12.887956 #18242]  INFO -- : 0:  rack-ssl (1.3.4) from /home/salvatore/.rvm/gems/ruby-2.1.0/specifications/rack-ssl-1.3.4.gemspec
I, [2014-06-03T16:55:12.888163 #18242]  INFO -- : 0:  rdoc (3.12.2) from /home/salvatore/.rvm/gems/ruby-2.1.0/specifications/rdoc-3.12.2.gemspec
I, [2014-06-03T16:55:12.888376 #18242]  INFO -- : 0:  thor (0.19.1) from /home/salvatore/.rvm/gems/ruby-2.1.0/specifications/thor-0.19.1.gemspec
I, [2014-06-03T16:55:12.888591 #18242]  INFO -- : 0:  railties (3.2.18) from /home/salvatore/.rvm/gems/ruby-2.1.0/specifications/railties-3.2.18.gemspec
I, [2014-06-03T16:55:12.888788 #18242]  INFO -- : 0:  coffee-rails (3.2.2) from /home/salvatore/.rvm/gems/ruby-2.1.0/specifications/coffee-rails-3.2.2.gemspec
I, [2014-06-03T16:55:12.889000 #18242]  INFO -- : 0:  colorize (0.7.3) from /home/salvatore/.rvm/gems/ruby-2.1.0/specifications/colorize-0.7.3.gemspec
I, [2014-06-03T16:55:12.889197 #18242]  INFO -- : 0:  safe_yaml (1.0.3) from /home/salvatore/.rvm/gems/ruby-2.1.0/specifications/safe_yaml-1.0.3.gemspec
I, [2014-06-03T16:55:12.889388 #18242]  INFO -- : 0:  crack (0.4.2) from /home/salvatore/.rvm/gems/ruby-2.1.0/specifications/crack-0.4.2.gemspec
I, [2014-06-03T16:55:12.889703 #18242]  INFO -- : 0:  rails (3.2.18) from /home/salvatore/.rvm/gems/ruby-2.1.0/specifications/rails-3.2.18.gemspec
I, [2014-06-03T16:55:12.890025 #18242]  INFO -- : 0:  deface (1.0.0) from /home/salvatore/.rvm/gems/ruby-2.1.0/specifications/deface-1.0.0.gemspec
I, [2014-06-03T16:55:12.890253 #18242]  INFO -- : 0:  diff-lcs (1.2.5) from /home/salvatore/.rvm/gems/ruby-2.1.0/specifications/diff-lcs-1.2.5.gemspec
I, [2014-06-03T16:55:12.890484 #18242]  INFO -- : 0:  excon (0.34.0) from /home/salvatore/.rvm/gems/ruby-2.1.0/specifications/excon-0.34.0.gemspec
I, [2014-06-03T16:55:12.890701 #18242]  INFO -- : 0:  factory_girl (3.0.0) from /home/salvatore/.rvm/gems/ruby-2.1.0/specifications/factory_girl-3.0.0.gemspec
I, [2014-06-03T16:55:12.890916 #18242]  INFO -- : 0:  factory_girl_rails (3.0.0) from /home/salvatore/.rvm/gems/ruby-2.1.0/specifications/factory_girl_rails-3.0.0.gemspec
I, [2014-06-03T16:55:12.891129 #18242]  INFO -- : 0:  multipart-post (2.0.0) from /home/salvatore/.rvm/gems/ruby-2.1.0/specifications/multipart-post-2.0.0.gemspec
I, [2014-06-03T16:55:12.891341 #18242]  INFO -- : 0:  faraday (0.9.0) from /home/salvatore/.rvm/gems/ruby-2.1.0/specifications/faraday-0.9.0.gemspec
I, [2014-06-03T16:55:12.891558 #18242]  INFO -- : 0:  ffaker (1.15.0) from /home/salvatore/.rvm/gems/ruby-2.1.0/specifications/ffaker-1.15.0.gemspec
I, [2014-06-03T16:55:12.891773 #18242]  INFO -- : 0:  highline (1.6.18) from /home/salvatore/.rvm/gems/ruby-2.1.0/specifications/highline-1.6.18.gemspec
I, [2014-06-03T16:55:12.891987 #18242]  INFO -- : 0:  jquery-rails (2.2.2) from /home/salvatore/.rvm/gems/ruby-2.1.0/specifications/jquery-rails-2.2.2.gemspec
I, [2014-06-03T16:55:12.892199 #18242]  INFO -- : 0:  jwt (1.0.0) from /home/salvatore/.rvm/gems/ruby-2.1.0/specifications/jwt-1.0.0.gemspec
I, [2014-06-03T16:55:12.892403 #18242]  INFO -- : 0:  kaminari (0.14.1) from /home/salvatore/.rvm/gems/ruby-2.1.0/specifications/kaminari-0.14.1.gemspec
I, [2014-06-03T16:55:12.892611 #18242]  INFO -- : 0:  multi_xml (0.5.5) from /home/salvatore/.rvm/gems/ruby-2.1.0/specifications/multi_xml-0.5.5.gemspec
I, [2014-06-03T16:55:12.892822 #18242]  INFO -- : 0:  oauth (0.4.7) from /home/salvatore/.rvm/gems/ruby-2.1.0/specifications/oauth-0.4.7.gemspec
I, [2014-06-03T16:55:12.893043 #18242]  INFO -- : 0:  oauth2 (0.9.4) from /home/salvatore/.rvm/gems/ruby-2.1.0/specifications/oauth2-0.9.4.gemspec
I, [2014-06-03T16:55:12.893261 #18242]  INFO -- : 0:  paperclip (2.8.0) from /home/salvatore/.rvm/gems/ruby-2.1.0/specifications/paperclip-2.8.0.gemspec
I, [2014-06-03T16:55:12.893481 #18242]  INFO -- : 0:  polyamorous (0.5.0) from /home/salvatore/.rvm/gems/ruby-2.1.0/specifications/polyamorous-0.5.0.gemspec
I, [2014-06-03T16:55:12.893716 #18242]  INFO -- : 0:  rabl (0.7.2) from /home/salvatore/.rvm/gems/ruby-2.1.0/specifications/rabl-0.7.2.gemspec
I, [2014-06-03T16:55:12.893936 #18242]  INFO -- : 0:  ransack (0.7.2) from /home/salvatore/.rvm/gems/ruby-2.1.0/specifications/ransack-0.7.2.gemspec
I, [2014-06-03T16:55:12.894155 #18242]  INFO -- : 0:  rspec-expectations (2.99.0) from /home/salvatore/.rvm/gems/ruby-2.1.0/specifications/rspec-expectations-2.99.0.gemspec
I, [2014-06-03T16:55:12.894371 #18242]  INFO -- : 0:  rspec-collection_matchers (0.0.4) from /home/salvatore/.rvm/gems/ruby-2.1.0/specifications/rspec-collection_matchers-0.0.4.gemspec
I, [2014-06-03T16:55:12.894595 #18242]  INFO -- : 0:  rspec-core (2.99.0) from /home/salvatore/.rvm/gems/ruby-2.1.0/specifications/rspec-core-2.99.0.gemspec
I, [2014-06-03T16:55:12.894811 #18242]  INFO -- : 0:  rspec-mocks (2.99.0) from /home/salvatore/.rvm/gems/ruby-2.1.0/specifications/rspec-mocks-2.99.0.gemspec
I, [2014-06-03T16:55:12.895019 #18242]  INFO -- : 0:  rspec-rails (2.99.0) from /home/salvatore/.rvm/gems/ruby-2.1.0/specifications/rspec-rails-2.99.0.gemspec
I, [2014-06-03T16:55:12.895229 #18242]  INFO -- : 0:  select2-rails (3.2.1) from /home/salvatore/.rvm/gems/ruby-2.1.0/specifications/select2-rails-3.2.1.gemspec
I, [2014-06-03T16:55:12.895438 #18242]  INFO -- : 0:  shoulda-matchers (2.6.1) from /home/salvatore/.rvm/gems/ruby-2.1.0/specifications/shoulda-matchers-2.6.1.gemspec
I, [2014-06-03T16:55:12.895654 #18242]  INFO -- : 0:  simple_oauth (0.2.0) from /home/salvatore/.rvm/gems/ruby-2.1.0/specifications/simple_oauth-0.2.0.gemspec
I, [2014-06-03T16:55:12.895871 #18242]  INFO -- : 0:  state_machine (1.1.2) from /home/salvatore/.rvm/gems/ruby-2.1.0/specifications/state_machine-1.1.2.gemspec
I, [2014-06-03T16:55:12.896086 #18242]  INFO -- : 0:  stringex (1.3.3) from /home/salvatore/.rvm/gems/ruby-2.1.0/specifications/stringex-1.3.3.gemspec
I, [2014-06-03T16:55:12.896306 #18242]  INFO -- : 0:  truncate_html (0.5.5) from /home/salvatore/.rvm/gems/ruby-2.1.0/specifications/truncate_html-0.5.5.gemspec
I, [2014-06-03T16:55:12.896516 #18242]  INFO -- : 0:  spree_core (1.3.5) from /home/salvatore/.rvm/gems/ruby-2.1.0/specifications/spree_core-1.3.5.gemspec
I, [2014-06-03T16:55:12.896730 #18242]  INFO -- : 0:  versioncake (0.4.0) from /home/salvatore/.rvm/gems/ruby-2.1.0/specifications/versioncake-0.4.0.gemspec
I, [2014-06-03T16:55:12.896939 #18242]  INFO -- : 0:  spree_api (1.3.5) from /home/salvatore/.rvm/gems/ruby-2.1.0/specifications/spree_api-1.3.5.gemspec
I, [2014-06-03T16:55:12.897149 #18242]  INFO -- : 0:  spree_cmd (1.3.5) from /home/salvatore/.rvm/gems/ruby-2.1.0/specifications/spree_cmd-1.3.5.gemspec
I, [2014-06-03T16:55:12.897361 #18242]  INFO -- : 0:  spree_promo (1.3.5) from /home/salvatore/.rvm/gems/ruby-2.1.0/specifications/spree_promo-1.3.5.gemspec
I, [2014-06-03T16:55:12.900367 #18242]  INFO -- : 0:  spree_sample (1.3.5) from /home/salvatore/.rvm/gems/ruby-2.1.0/specifications/spree_sample-1.3.5.gemspec
I, [2014-06-03T16:55:12.900682 #18242]  INFO -- : 0:  spree (1.3.5) from /home/salvatore/.rvm/gems/ruby-2.1.0/specifications/spree-1.3.5.gemspec
I, [2014-06-03T16:55:12.900907 #18242]  INFO -- : 0:  webmock (1.18.0) from /home/salvatore/.rvm/gems/ruby-2.1.0/specifications/webmock-1.18.0.gemspec
I, [2014-06-03T16:55:12.901121 #18242]  INFO -- : 0:  youtube_it (2.4.0) from /home/salvatore/.rvm/gems/ruby-2.1.0/specifications/youtube_it-2.4.0.gemspec
I, [2014-06-03T16:55:12.910910 #18242]  INFO -- : 0:  spree_videos (2.1.0) from /home/salvatore/Works/pulled_gems/Spree-Videos/spree_videos.gemspec
I, [2014-06-03T16:55:12.911182 #18242]  INFO -- : 0:  sqlite3 (1.3.9) from /home/salvatore/.rvm/gems/ruby-2.1.0/specifications/sqlite3-1.3.9.gemspec
I, [2014-06-03T16:55:33.609802 #18249]  INFO -- : 0:  rake (10.3.2) from /home/salvatore/.rvm/gems/ruby-2.1.0/specifications/rake-10.3.2.gemspec
I, [2014-06-03T16:55:33.610140 #18249]  INFO -- : 0:  i18n (0.6.9) from /home/salvatore/.rvm/gems/ruby-2.1.0/specifications/i18n-0.6.9.gemspec
I, [2014-06-03T16:55:33.610514 #18249]  INFO -- : 0:  multi_json (1.10.1) from /home/salvatore/.rvm/gems/ruby-2.1.0/specifications/multi_json-1.10.1.gemspec
I, [2014-06-03T16:55:33.610793 #18249]  INFO -- : 0:  activesupport (3.2.18) from /home/salvatore/.rvm/gems/ruby-2.1.0/specifications/activesupport-3.2.18.gemspec
I, [2014-06-03T16:55:33.611040 #18249]  INFO -- : 0:  builder (3.0.4) from /home/salvatore/.rvm/gems/ruby-2.1.0/specifications/builder-3.0.4.gemspec
I, [2014-06-03T16:55:33.611281 #18249]  INFO -- : 0:  activemodel (3.2.18) from /home/salvatore/.rvm/gems/ruby-2.1.0/specifications/activemodel-3.2.18.gemspec
I, [2014-06-03T16:55:33.611500 #18249]  INFO -- : 0:  erubis (2.7.0) from /home/salvatore/.rvm/gems/ruby-2.1.0/specifications/erubis-2.7.0.gemspec
I, [2014-06-03T16:55:33.611712 #18249]  INFO -- : 0:  journey (1.0.4) from /home/salvatore/.rvm/gems/ruby-2.1.0/specifications/journey-1.0.4.gemspec
I, [2014-06-03T16:55:33.611930 #18249]  INFO -- : 0:  rack (1.4.5) from /home/salvatore/.rvm/gems/ruby-2.1.0/specifications/rack-1.4.5.gemspec
I, [2014-06-03T16:55:33.612145 #18249]  INFO -- : 0:  rack-cache (1.2) from /home/salvatore/.rvm/gems/ruby-2.1.0/specifications/rack-cache-1.2.gemspec
I, [2014-06-03T16:55:33.612356 #18249]  INFO -- : 0:  rack-test (0.6.2) from /home/salvatore/.rvm/gems/ruby-2.1.0/specifications/rack-test-0.6.2.gemspec
I, [2014-06-03T16:55:33.612561 #18249]  INFO -- : 0:  hike (1.2.3) from /home/salvatore/.rvm/gems/ruby-2.1.0/specifications/hike-1.2.3.gemspec
I, [2014-06-03T16:55:33.612766 #18249]  INFO -- : 0:  tilt (1.4.1) from /home/salvatore/.rvm/gems/ruby-2.1.0/specifications/tilt-1.4.1.gemspec
I, [2014-06-03T16:55:33.612984 #18249]  INFO -- : 0:  sprockets (2.2.2) from /home/salvatore/.rvm/gems/ruby-2.1.0/specifications/sprockets-2.2.2.gemspec
I, [2014-06-03T16:55:33.613202 #18249]  INFO -- : 0:  actionpack (3.2.18) from /home/salvatore/.rvm/gems/ruby-2.1.0/specifications/actionpack-3.2.18.gemspec
I, [2014-06-03T16:55:33.613421 #18249]  INFO -- : 0:  mime-types (1.25.1) from /home/salvatore/.rvm/gems/ruby-2.1.0/specifications/mime-types-1.25.1.gemspec
I, [2014-06-03T16:55:33.613650 #18249]  INFO -- : 0:  polyglot (0.3.5) from /home/salvatore/.rvm/gems/ruby-2.1.0/specifications/polyglot-0.3.5.gemspec
I, [2014-06-03T16:55:33.613863 #18249]  INFO -- : 0:  treetop (1.4.15) from /home/salvatore/.rvm/gems/ruby-2.1.0/specifications/treetop-1.4.15.gemspec
I, [2014-06-03T16:55:33.614074 #18249]  INFO -- : 0:  mail (2.5.4) from /home/salvatore/.rvm/gems/ruby-2.1.0/specifications/mail-2.5.4.gemspec
I, [2014-06-03T16:55:33.614296 #18249]  INFO -- : 0:  actionmailer (3.2.18) from /home/salvatore/.rvm/gems/ruby-2.1.0/specifications/actionmailer-3.2.18.gemspec
I, [2014-06-03T16:55:33.614558 #18249]  INFO -- : 0:  active_utils (2.2.1) from /home/salvatore/.rvm/gems/ruby-2.1.0/specifications/active_utils-2.2.1.gemspec
I, [2014-06-03T16:55:33.614772 #18249]  INFO -- : 0:  json (1.7.7) from /home/salvatore/.rvm/gems/ruby-2.1.0/specifications/json-1.7.7.gemspec
I, [2014-06-03T16:55:33.614991 #18249]  INFO -- : 0:  money (5.1.1) from /home/salvatore/.rvm/gems/ruby-2.1.0/specifications/money-5.1.1.gemspec
I, [2014-06-03T16:55:33.615213 #18249]  INFO -- : 0:  mini_portile (0.6.0) from /home/salvatore/.rvm/gems/ruby-2.1.0/specifications/mini_portile-0.6.0.gemspec
I, [2014-06-03T16:55:33.615528 #18249]  INFO -- : 0:  nokogiri (1.6.2.1) from /home/salvatore/.rvm/gems/ruby-2.1.0/specifications/nokogiri-1.6.2.1.gemspec
I, [2014-06-03T16:55:33.615767 #18249]  INFO -- : 0:  activemerchant (1.43.1) from /home/salvatore/.rvm/gems/ruby-2.1.0/specifications/activemerchant-1.43.1.gemspec
I, [2014-06-03T16:55:33.615988 #18249]  INFO -- : 0:  arel (3.0.3) from /home/salvatore/.rvm/gems/ruby-2.1.0/specifications/arel-3.0.3.gemspec
I, [2014-06-03T16:55:33.616216 #18249]  INFO -- : 0:  tzinfo (0.3.39) from /home/salvatore/.rvm/gems/ruby-2.1.0/specifications/tzinfo-0.3.39.gemspec
I, [2014-06-03T16:55:33.616439 #18249]  INFO -- : 0:  activerecord (3.2.18) from /home/salvatore/.rvm/gems/ruby-2.1.0/specifications/activerecord-3.2.18.gemspec
I, [2014-06-03T16:55:33.616666 #18249]  INFO -- : 0:  activeresource (3.2.18) from /home/salvatore/.rvm/gems/ruby-2.1.0/specifications/activeresource-3.2.18.gemspec
I, [2014-06-03T16:55:33.616887 #18249]  INFO -- : 0:  acts_as_list (0.1.4) from /home/salvatore/.rvm/gems/ruby-2.1.0/specifications/acts_as_list-0.1.4.gemspec
I, [2014-06-03T16:55:33.617120 #18249]  INFO -- : 0:  addressable (2.3.6) from /home/salvatore/.rvm/gems/ruby-2.1.0/specifications/addressable-2.3.6.gemspec
I, [2014-06-03T16:55:33.617358 #18249]  INFO -- : 0:  awesome_nested_set (2.1.5) from /home/salvatore/.rvm/gems/ruby-2.1.0/specifications/awesome_nested_set-2.1.5.gemspec
I, [2014-06-03T16:55:33.620351 #18249]  INFO -- : 0:  uuidtools (2.1.4) from /home/salvatore/.rvm/gems/ruby-2.1.0/specifications/uuidtools-2.1.4.gemspec
I, [2014-06-03T16:55:33.620587 #18249]  INFO -- : 0:  aws-sdk (1.11.1) from /home/salvatore/.rvm/gems/ruby-2.1.0/specifications/aws-sdk-1.11.1.gemspec
I, [2014-06-03T16:55:33.620801 #18249]  INFO -- : 0:  bundler (1.5.0) from /home/salvatore/.rvm/gems/ruby-2.1.0@global/specifications/bundler-1.5.0.gemspec
I, [2014-06-03T16:55:33.621016 #18249]  INFO -- : 0:  cancan (1.6.8) from /home/salvatore/.rvm/gems/ruby-2.1.0/specifications/cancan-1.6.8.gemspec
I, [2014-06-03T16:55:33.621227 #18249]  INFO -- : 0:  ffi (1.9.3) from /home/salvatore/.rvm/gems/ruby-2.1.0/specifications/ffi-1.9.3.gemspec
I, [2014-06-03T16:55:33.621428 #18249]  INFO -- : 0:  childprocess (0.5.3) from /home/salvatore/.rvm/gems/ruby-2.1.0/specifications/childprocess-0.5.3.gemspec
I, [2014-06-03T16:55:33.621639 #18249]  INFO -- : 0:  rubyzip (1.1.4) from /home/salvatore/.rvm/gems/ruby-2.1.0/specifications/rubyzip-1.1.4.gemspec
I, [2014-06-03T16:55:33.621846 #18249]  INFO -- : 0:  websocket (1.0.7) from /home/salvatore/.rvm/gems/ruby-2.1.0/specifications/websocket-1.0.7.gemspec
I, [2014-06-03T16:55:33.622044 #18249]  INFO -- : 0:  selenium-webdriver (2.42.0) from /home/salvatore/.rvm/gems/ruby-2.1.0/specifications/selenium-webdriver-2.42.0.gemspec
I, [2014-06-03T16:55:33.622260 #18249]  INFO -- : 0:  xpath (0.1.4) from /home/salvatore/.rvm/gems/ruby-2.1.0/specifications/xpath-0.1.4.gemspec
I, [2014-06-03T16:55:33.622470 #18249]  INFO -- : 0:  capybara (1.1.4) from /home/salvatore/.rvm/gems/ruby-2.1.0/specifications/capybara-1.1.4.gemspec
I, [2014-06-03T16:55:33.622678 #18249]  INFO -- : 0:  climate_control (0.0.3) from /home/salvatore/.rvm/gems/ruby-2.1.0/specifications/climate_control-0.0.3.gemspec
I, [2014-06-03T16:55:33.622878 #18249]  INFO -- : 0:  cocaine (0.5.4) from /home/salvatore/.rvm/gems/ruby-2.1.0/specifications/cocaine-0.5.4.gemspec
I, [2014-06-03T16:55:33.623071 #18249]  INFO -- : 0:  coffee-script-source (1.7.0) from /home/salvatore/.rvm/gems/ruby-2.1.0/specifications/coffee-script-source-1.7.0.gemspec
I, [2014-06-03T16:55:33.623272 #18249]  INFO -- : 0:  execjs (2.1.0) from /home/salvatore/.rvm/gems/ruby-2.1.0/specifications/execjs-2.1.0.gemspec
I, [2014-06-03T16:55:33.623468 #18249]  INFO -- : 0:  coffee-script (2.2.0) from /home/salvatore/.rvm/gems/ruby-2.1.0/specifications/coffee-script-2.2.0.gemspec
I, [2014-06-03T16:55:33.623665 #18249]  INFO -- : 0:  rack-ssl (1.3.4) from /home/salvatore/.rvm/gems/ruby-2.1.0/specifications/rack-ssl-1.3.4.gemspec
I, [2014-06-03T16:55:33.623870 #18249]  INFO -- : 0:  rdoc (3.12.2) from /home/salvatore/.rvm/gems/ruby-2.1.0/specifications/rdoc-3.12.2.gemspec
I, [2014-06-03T16:55:33.624069 #18249]  INFO -- : 0:  thor (0.19.1) from /home/salvatore/.rvm/gems/ruby-2.1.0/specifications/thor-0.19.1.gemspec
I, [2014-06-03T16:55:33.624287 #18249]  INFO -- : 0:  railties (3.2.18) from /home/salvatore/.rvm/gems/ruby-2.1.0/specifications/railties-3.2.18.gemspec
I, [2014-06-03T16:55:33.624480 #18249]  INFO -- : 0:  coffee-rails (3.2.2) from /home/salvatore/.rvm/gems/ruby-2.1.0/specifications/coffee-rails-3.2.2.gemspec
I, [2014-06-03T16:55:33.624678 #18249]  INFO -- : 0:  colorize (0.7.3) from /home/salvatore/.rvm/gems/ruby-2.1.0/specifications/colorize-0.7.3.gemspec
I, [2014-06-03T16:55:33.624863 #18249]  INFO -- : 0:  safe_yaml (1.0.3) from /home/salvatore/.rvm/gems/ruby-2.1.0/specifications/safe_yaml-1.0.3.gemspec
I, [2014-06-03T16:55:33.625055 #18249]  INFO -- : 0:  crack (0.4.2) from /home/salvatore/.rvm/gems/ruby-2.1.0/specifications/crack-0.4.2.gemspec
I, [2014-06-03T16:55:33.625252 #18249]  INFO -- : 0:  rails (3.2.18) from /home/salvatore/.rvm/gems/ruby-2.1.0/specifications/rails-3.2.18.gemspec
I, [2014-06-03T16:55:33.625439 #18249]  INFO -- : 0:  deface (1.0.0) from /home/salvatore/.rvm/gems/ruby-2.1.0/specifications/deface-1.0.0.gemspec
I, [2014-06-03T16:55:33.625629 #18249]  INFO -- : 0:  diff-lcs (1.2.5) from /home/salvatore/.rvm/gems/ruby-2.1.0/specifications/diff-lcs-1.2.5.gemspec
I, [2014-06-03T16:55:33.625820 #18249]  INFO -- : 0:  excon (0.34.0) from /home/salvatore/.rvm/gems/ruby-2.1.0/specifications/excon-0.34.0.gemspec
I, [2014-06-03T16:55:33.626017 #18249]  INFO -- : 0:  factory_girl (3.0.0) from /home/salvatore/.rvm/gems/ruby-2.1.0/specifications/factory_girl-3.0.0.gemspec
I, [2014-06-03T16:55:33.626306 #18249]  INFO -- : 0:  factory_girl_rails (3.0.0) from /home/salvatore/.rvm/gems/ruby-2.1.0/specifications/factory_girl_rails-3.0.0.gemspec
I, [2014-06-03T16:55:33.626521 #18249]  INFO -- : 0:  multipart-post (2.0.0) from /home/salvatore/.rvm/gems/ruby-2.1.0/specifications/multipart-post-2.0.0.gemspec
I, [2014-06-03T16:55:33.626718 #18249]  INFO -- : 0:  faraday (0.9.0) from /home/salvatore/.rvm/gems/ruby-2.1.0/specifications/faraday-0.9.0.gemspec
I, [2014-06-03T16:55:33.626919 #18249]  INFO -- : 0:  ffaker (1.15.0) from /home/salvatore/.rvm/gems/ruby-2.1.0/specifications/ffaker-1.15.0.gemspec
I, [2014-06-03T16:55:33.627163 #18249]  INFO -- : 0:  highline (1.6.18) from /home/salvatore/.rvm/gems/ruby-2.1.0/specifications/highline-1.6.18.gemspec
I, [2014-06-03T16:55:33.627355 #18249]  INFO -- : 0:  jquery-rails (2.2.2) from /home/salvatore/.rvm/gems/ruby-2.1.0/specifications/jquery-rails-2.2.2.gemspec
I, [2014-06-03T16:55:33.627556 #18249]  INFO -- : 0:  jwt (1.0.0) from /home/salvatore/.rvm/gems/ruby-2.1.0/specifications/jwt-1.0.0.gemspec
I, [2014-06-03T16:55:33.627802 #18249]  INFO -- : 0:  kaminari (0.14.1) from /home/salvatore/.rvm/gems/ruby-2.1.0/specifications/kaminari-0.14.1.gemspec
I, [2014-06-03T16:55:33.627990 #18249]  INFO -- : 0:  multi_xml (0.5.5) from /home/salvatore/.rvm/gems/ruby-2.1.0/specifications/multi_xml-0.5.5.gemspec
I, [2014-06-03T16:55:33.628195 #18249]  INFO -- : 0:  oauth (0.4.7) from /home/salvatore/.rvm/gems/ruby-2.1.0/specifications/oauth-0.4.7.gemspec
I, [2014-06-03T16:55:33.628390 #18249]  INFO -- : 0:  oauth2 (0.9.4) from /home/salvatore/.rvm/gems/ruby-2.1.0/specifications/oauth2-0.9.4.gemspec
I, [2014-06-03T16:55:33.628587 #18249]  INFO -- : 0:  paperclip (2.8.0) from /home/salvatore/.rvm/gems/ruby-2.1.0/specifications/paperclip-2.8.0.gemspec
I, [2014-06-03T16:55:33.628781 #18249]  INFO -- : 0:  polyamorous (0.5.0) from /home/salvatore/.rvm/gems/ruby-2.1.0/specifications/polyamorous-0.5.0.gemspec
I, [2014-06-03T16:55:33.628985 #18249]  INFO -- : 0:  rabl (0.7.2) from /home/salvatore/.rvm/gems/ruby-2.1.0/specifications/rabl-0.7.2.gemspec
I, [2014-06-03T16:55:33.629190 #18249]  INFO -- : 0:  ransack (0.7.2) from /home/salvatore/.rvm/gems/ruby-2.1.0/specifications/ransack-0.7.2.gemspec
I, [2014-06-03T16:55:33.629403 #18249]  INFO -- : 0:  rspec-expectations (2.99.0) from /home/salvatore/.rvm/gems/ruby-2.1.0/specifications/rspec-expectations-2.99.0.gemspec
I, [2014-06-03T16:55:33.629624 #18249]  INFO -- : 0:  rspec-collection_matchers (0.0.4) from /home/salvatore/.rvm/gems/ruby-2.1.0/specifications/rspec-collection_matchers-0.0.4.gemspec
I, [2014-06-03T16:55:33.629914 #18249]  INFO -- : 0:  rspec-core (2.99.0) from /home/salvatore/.rvm/gems/ruby-2.1.0/specifications/rspec-core-2.99.0.gemspec
I, [2014-06-03T16:55:33.630187 #18249]  INFO -- : 0:  rspec-mocks (2.99.0) from /home/salvatore/.rvm/gems/ruby-2.1.0/specifications/rspec-mocks-2.99.0.gemspec
I, [2014-06-03T16:55:33.630402 #18249]  INFO -- : 0:  rspec-rails (2.99.0) from /home/salvatore/.rvm/gems/ruby-2.1.0/specifications/rspec-rails-2.99.0.gemspec
I, [2014-06-03T16:55:33.630604 #18249]  INFO -- : 0:  select2-rails (3.2.1) from /home/salvatore/.rvm/gems/ruby-2.1.0/specifications/select2-rails-3.2.1.gemspec
I, [2014-06-03T16:55:33.630798 #18249]  INFO -- : 0:  shoulda-matchers (2.6.1) from /home/salvatore/.rvm/gems/ruby-2.1.0/specifications/shoulda-matchers-2.6.1.gemspec
I, [2014-06-03T16:55:33.631004 #18249]  INFO -- : 0:  simple_oauth (0.2.0) from /home/salvatore/.rvm/gems/ruby-2.1.0/specifications/simple_oauth-0.2.0.gemspec
I, [2014-06-03T16:55:33.631206 #18249]  INFO -- : 0:  state_machine (1.1.2) from /home/salvatore/.rvm/gems/ruby-2.1.0/specifications/state_machine-1.1.2.gemspec
I, [2014-06-03T16:55:33.631404 #18249]  INFO -- : 0:  stringex (1.3.3) from /home/salvatore/.rvm/gems/ruby-2.1.0/specifications/stringex-1.3.3.gemspec
I, [2014-06-03T16:55:33.631619 #18249]  INFO -- : 0:  truncate_html (0.5.5) from /home/salvatore/.rvm/gems/ruby-2.1.0/specifications/truncate_html-0.5.5.gemspec
I, [2014-06-03T16:55:33.631829 #18249]  INFO -- : 0:  spree_core (1.3.5) from /home/salvatore/.rvm/gems/ruby-2.1.0/specifications/spree_core-1.3.5.gemspec
I, [2014-06-03T16:55:33.632147 #18249]  INFO -- : 0:  versioncake (0.4.0) from /home/salvatore/.rvm/gems/ruby-2.1.0/specifications/versioncake-0.4.0.gemspec
I, [2014-06-03T16:55:33.632350 #18249]  INFO -- : 0:  spree_api (1.3.5) from /home/salvatore/.rvm/gems/ruby-2.1.0/specifications/spree_api-1.3.5.gemspec
I, [2014-06-03T16:55:33.632550 #18249]  INFO -- : 0:  spree_cmd (1.3.5) from /home/salvatore/.rvm/gems/ruby-2.1.0/specifications/spree_cmd-1.3.5.gemspec
I, [2014-06-03T16:55:33.632744 #18249]  INFO -- : 0:  spree_promo (1.3.5) from /home/salvatore/.rvm/gems/ruby-2.1.0/specifications/spree_promo-1.3.5.gemspec
I, [2014-06-03T16:55:33.632952 #18249]  INFO -- : 0:  spree_sample (1.3.5) from /home/salvatore/.rvm/gems/ruby-2.1.0/specifications/spree_sample-1.3.5.gemspec
I, [2014-06-03T16:55:33.633155 #18249]  INFO -- : 0:  spree (1.3.5) from /home/salvatore/.rvm/gems/ruby-2.1.0/specifications/spree-1.3.5.gemspec
I, [2014-06-03T16:55:33.633370 #18249]  INFO -- : 0:  webmock (1.18.0) from /home/salvatore/.rvm/gems/ruby-2.1.0/specifications/webmock-1.18.0.gemspec
I, [2014-06-03T16:55:33.633580 #18249]  INFO -- : 0:  youtube_it (2.4.0) from /home/salvatore/.rvm/gems/ruby-2.1.0/specifications/youtube_it-2.4.0.gemspec
I, [2014-06-03T16:55:33.643215 #18249]  INFO -- : 0:  spree_videos (2.1.0) from /home/salvatore/Works/pulled_gems/Spree-Videos/spree_videos.gemspec
I, [2014-06-03T16:55:33.643506 #18249]  INFO -- : 0:  sqlite3 (1.3.9) from /home/salvatore/.rvm/gems/ruby-2.1.0/specifications/sqlite3-1.3.9.gemspec
I, [2014-06-03T17:07:49.870936 #19375]  INFO -- : 0:  rake (10.3.2) from /home/salvatore/.rvm/gems/ruby-2.1.0/specifications/rake-10.3.2.gemspec
I, [2014-06-03T17:07:49.871337 #19375]  INFO -- : 0:  i18n (0.6.9) from /home/salvatore/.rvm/gems/ruby-2.1.0/specifications/i18n-0.6.9.gemspec
I, [2014-06-03T17:07:49.917431 #19375]  INFO -- : 0:  minitest (4.7.5) from /home/salvatore/.rvm/gems/ruby-2.1.0/specifications/minitest-4.7.5.gemspec
I, [2014-06-03T17:07:49.918055 #19375]  INFO -- : 0:  multi_json (1.10.1) from /home/salvatore/.rvm/gems/ruby-2.1.0/specifications/multi_json-1.10.1.gemspec
I, [2014-06-03T17:07:49.918567 #19375]  INFO -- : 0:  thread_safe (0.3.4) from /home/salvatore/.rvm/gems/ruby-2.1.0/specifications/thread_safe-0.3.4.gemspec
I, [2014-06-03T17:07:49.919046 #19375]  INFO -- : 0:  tzinfo (0.3.39) from /home/salvatore/.rvm/gems/ruby-2.1.0/specifications/tzinfo-0.3.39.gemspec
I, [2014-06-03T17:07:50.918633 #19375]  INFO -- : 0:  activesupport (4.0.5) from /home/salvatore/.rvm/gems/ruby-2.1.0/specifications/activesupport-4.0.5.gemspec
I, [2014-06-03T17:07:50.919195 #19375]  INFO -- : 0:  builder (3.1.4) from /home/salvatore/.rvm/gems/ruby-2.1.0/specifications/builder-3.1.4.gemspec
I, [2014-06-03T17:07:50.919640 #19375]  INFO -- : 0:  erubis (2.7.0) from /home/salvatore/.rvm/gems/ruby-2.1.0/specifications/erubis-2.7.0.gemspec
I, [2014-06-03T17:07:50.920072 #19375]  INFO -- : 0:  rack (1.5.2) from /home/salvatore/.rvm/gems/ruby-2.1.0/specifications/rack-1.5.2.gemspec
I, [2014-06-03T17:07:50.920474 #19375]  INFO -- : 0:  rack-test (0.6.2) from /home/salvatore/.rvm/gems/ruby-2.1.0/specifications/rack-test-0.6.2.gemspec
I, [2014-06-03T17:07:51.871409 #19375]  INFO -- : 0:  actionpack (4.0.5) from /home/salvatore/.rvm/gems/ruby-2.1.0/specifications/actionpack-4.0.5.gemspec
I, [2014-06-03T17:07:51.871689 #19375]  INFO -- : 0:  mime-types (1.25.1) from /home/salvatore/.rvm/gems/ruby-2.1.0/specifications/mime-types-1.25.1.gemspec
I, [2014-06-03T17:07:51.871896 #19375]  INFO -- : 0:  polyglot (0.3.5) from /home/salvatore/.rvm/gems/ruby-2.1.0/specifications/polyglot-0.3.5.gemspec
I, [2014-06-03T17:07:51.872094 #19375]  INFO -- : 0:  treetop (1.4.15) from /home/salvatore/.rvm/gems/ruby-2.1.0/specifications/treetop-1.4.15.gemspec
I, [2014-06-03T17:07:51.872293 #19375]  INFO -- : 0:  mail (2.5.4) from /home/salvatore/.rvm/gems/ruby-2.1.0/specifications/mail-2.5.4.gemspec
I, [2014-06-03T17:07:52.412553 #19375]  INFO -- : 0:  actionmailer (4.0.5) from /home/salvatore/.rvm/gems/ruby-2.1.0/specifications/actionmailer-4.0.5.gemspec
I, [2014-06-03T17:07:52.412845 #19375]  INFO -- : 0:  active_utils (2.2.1) from /home/salvatore/.rvm/gems/ruby-2.1.0/specifications/active_utils-2.2.1.gemspec
I, [2014-06-03T17:07:52.413055 #19375]  INFO -- : 0:  json (1.7.7) from /home/salvatore/.rvm/gems/ruby-2.1.0/specifications/json-1.7.7.gemspec
I, [2014-06-03T17:07:52.413264 #19375]  INFO -- : 0:  money (6.1.1) from /home/salvatore/.rvm/gems/ruby-2.1.0/specifications/money-6.1.1.gemspec
I, [2014-06-03T17:07:52.413477 #19375]  INFO -- : 0:  mini_portile (0.6.0) from /home/salvatore/.rvm/gems/ruby-2.1.0/specifications/mini_portile-0.6.0.gemspec
I, [2014-06-03T17:07:52.413676 #19375]  INFO -- : 0:  nokogiri (1.6.2.1) from /home/salvatore/.rvm/gems/ruby-2.1.0/specifications/nokogiri-1.6.2.1.gemspec
I, [2014-06-03T17:07:52.413878 #19375]  INFO -- : 0:  activemerchant (1.42.9) from /home/salvatore/.rvm/gems/ruby-2.1.0/specifications/activemerchant-1.42.9.gemspec
I, [2014-06-03T17:07:53.022912 #19375]  INFO -- : 0:  activemodel (4.0.5) from /home/salvatore/.rvm/gems/ruby-2.1.0/specifications/activemodel-4.0.5.gemspec
I, [2014-06-03T17:07:53.023185 #19375]  INFO -- : 0:  activerecord-deprecated_finders (1.0.3) from /home/salvatore/.rvm/gems/ruby-2.1.0/specifications/activerecord-deprecated_finders-1.0.3.gemspec
I, [2014-06-03T17:07:53.023388 #19375]  INFO -- : 0:  arel (4.0.2) from /home/salvatore/.rvm/gems/ruby-2.1.0/specifications/arel-4.0.2.gemspec
I, [2014-06-03T17:07:53.928994 #19375]  INFO -- : 0:  activerecord (4.0.5) from /home/salvatore/.rvm/gems/ruby-2.1.0/specifications/activerecord-4.0.5.gemspec
I, [2014-06-03T17:07:53.929316 #19375]  INFO -- : 0:  acts_as_list (0.3.0) from /home/salvatore/.rvm/gems/ruby-2.1.0/specifications/acts_as_list-0.3.0.gemspec
I, [2014-06-03T17:07:53.929556 #19375]  INFO -- : 0:  addressable (2.3.6) from /home/salvatore/.rvm/gems/ruby-2.1.0/specifications/addressable-2.3.6.gemspec
I, [2014-06-03T17:07:53.929796 #19375]  INFO -- : 0:  awesome_nested_set (3.0.0.rc.5) from /home/salvatore/.rvm/gems/ruby-2.1.0/specifications/awesome_nested_set-3.0.0.rc.5.gemspec
I, [2014-06-03T17:07:53.930022 #19375]  INFO -- : 0:  uuidtools (2.1.4) from /home/salvatore/.rvm/gems/ruby-2.1.0/specifications/uuidtools-2.1.4.gemspec
I, [2014-06-03T17:07:53.930250 #19375]  INFO -- : 0:  aws-sdk (1.27.0) from /home/salvatore/.rvm/gems/ruby-2.1.0/specifications/aws-sdk-1.27.0.gemspec
I, [2014-06-03T17:07:53.930475 #19375]  INFO -- : 0:  bundler (1.5.0) from /home/salvatore/.rvm/gems/ruby-2.1.0@global/specifications/bundler-1.5.0.gemspec
I, [2014-06-03T17:07:53.930703 #19375]  INFO -- : 0:  cancan (1.6.10) from /home/salvatore/.rvm/gems/ruby-2.1.0/specifications/cancan-1.6.10.gemspec
I, [2014-06-03T17:07:53.930929 #19375]  INFO -- : 0:  thor (0.19.1) from /home/salvatore/.rvm/gems/ruby-2.1.0/specifications/thor-0.19.1.gemspec
I, [2014-06-03T17:07:54.678632 #19375]  INFO -- : 0:  railties (4.0.5) from /home/salvatore/.rvm/gems/ruby-2.1.0/specifications/railties-4.0.5.gemspec
I, [2014-06-03T17:07:54.678918 #19375]  INFO -- : 0:  hike (1.2.3) from /home/salvatore/.rvm/gems/ruby-2.1.0/specifications/hike-1.2.3.gemspec
I, [2014-06-03T17:07:54.679118 #19375]  INFO -- : 0:  tilt (1.4.1) from /home/salvatore/.rvm/gems/ruby-2.1.0/specifications/tilt-1.4.1.gemspec
I, [2014-06-03T17:07:55.255044 #19375]  INFO -- : 0:  sprockets (2.12.1) from /home/salvatore/.rvm/gems/ruby-2.1.0/specifications/sprockets-2.12.1.gemspec
I, [2014-06-03T17:07:55.255345 #19375]  INFO -- : 0:  sprockets-rails (2.0.1) from /home/salvatore/.rvm/gems/ruby-2.1.0/specifications/sprockets-rails-2.0.1.gemspec
I, [2014-06-03T17:07:57.266350 #19375]  INFO -- : 0:  rails (4.0.5) from /home/salvatore/.rvm/gems/ruby-2.1.0/specifications/rails-4.0.5.gemspec
I, [2014-06-03T17:07:57.266929 #19375]  INFO -- : 0:  canonical-rails (0.0.7) from /home/salvatore/.rvm/gems/ruby-2.1.0/specifications/canonical-rails-0.0.7.gemspec
I, [2014-06-03T17:07:57.267384 #19375]  INFO -- : 0:  xpath (2.0.0) from /home/salvatore/.rvm/gems/ruby-2.1.0/specifications/xpath-2.0.0.gemspec
I, [2014-06-03T17:07:58.040482 #19375]  INFO -- : 0:  capybara (2.3.0) from /home/salvatore/.rvm/gems/ruby-2.1.0/specifications/capybara-2.3.0.gemspec
I, [2014-06-03T17:07:58.041006 #19375]  INFO -- : 0:  climate_control (0.0.3) from /home/salvatore/.rvm/gems/ruby-2.1.0/specifications/climate_control-0.0.3.gemspec
I, [2014-06-03T17:07:58.041439 #19375]  INFO -- : 0:  cocaine (0.5.4) from /home/salvatore/.rvm/gems/ruby-2.1.0/specifications/cocaine-0.5.4.gemspec
I, [2014-06-03T17:07:58.041861 #19375]  INFO -- : 0:  coffee-script-source (1.7.0) from /home/salvatore/.rvm/gems/ruby-2.1.0/specifications/coffee-script-source-1.7.0.gemspec
I, [2014-06-03T17:07:58.042277 #19375]  INFO -- : 0:  execjs (2.1.0) from /home/salvatore/.rvm/gems/ruby-2.1.0/specifications/execjs-2.1.0.gemspec
I, [2014-06-03T17:07:58.042734 #19375]  INFO -- : 0:  coffee-script (2.2.0) from /home/salvatore/.rvm/gems/ruby-2.1.0/specifications/coffee-script-2.2.0.gemspec
I, [2014-06-03T17:07:58.043181 #19375]  INFO -- : 0:  coffee-rails (4.0.1) from /home/salvatore/.rvm/gems/ruby-2.1.0/specifications/coffee-rails-4.0.1.gemspec
I, [2014-06-03T17:07:58.043621 #19375]  INFO -- : 0:  colorize (0.7.3) from /home/salvatore/.rvm/gems/ruby-2.1.0/specifications/colorize-0.7.3.gemspec
I, [2014-06-03T17:07:58.044050 #19375]  INFO -- : 0:  safe_yaml (1.0.3) from /home/salvatore/.rvm/gems/ruby-2.1.0/specifications/safe_yaml-1.0.3.gemspec
I, [2014-06-03T17:07:58.044462 #19375]  INFO -- : 0:  crack (0.4.2) from /home/salvatore/.rvm/gems/ruby-2.1.0/specifications/crack-0.4.2.gemspec
I, [2014-06-03T17:07:58.044874 #19375]  INFO -- : 0:  deface (1.0.0) from /home/salvatore/.rvm/gems/ruby-2.1.0/specifications/deface-1.0.0.gemspec
I, [2014-06-03T17:07:58.045293 #19375]  INFO -- : 0:  diff-lcs (1.2.5) from /home/salvatore/.rvm/gems/ruby-2.1.0/specifications/diff-lcs-1.2.5.gemspec
I, [2014-06-03T17:07:58.045704 #19375]  INFO -- : 0:  excon (0.34.0) from /home/salvatore/.rvm/gems/ruby-2.1.0/specifications/excon-0.34.0.gemspec
I, [2014-06-03T17:07:58.046127 #19375]  INFO -- : 0:  factory_girl (4.4.0) from /home/salvatore/.rvm/gems/ruby-2.1.0/specifications/factory_girl-4.4.0.gemspec
I, [2014-06-03T17:07:58.046558 #19375]  INFO -- : 0:  multipart-post (2.0.0) from /home/salvatore/.rvm/gems/ruby-2.1.0/specifications/multipart-post-2.0.0.gemspec
I, [2014-06-03T17:07:58.046983 #19375]  INFO -- : 0:  faraday (0.9.0) from /home/salvatore/.rvm/gems/ruby-2.1.0/specifications/faraday-0.9.0.gemspec
I, [2014-06-03T17:07:58.047406 #19375]  INFO -- : 0:  ffaker (1.24.0) from /home/salvatore/.rvm/gems/ruby-2.1.0/specifications/ffaker-1.24.0.gemspec
I, [2014-06-03T17:07:58.990801 #19375]  INFO -- : 0:  font-awesome-rails (4.1.0.0) from /home/salvatore/.rvm/gems/ruby-2.1.0/specifications/font-awesome-rails-4.1.0.0.gemspec
I, [2014-06-03T17:07:59.591291 #19375]  INFO -- : 0:  friendly_id (5.0.3) from /home/salvatore/.rvm/gems/ruby-2.1.0/specifications/friendly_id-5.0.3.gemspec
I, [2014-06-03T17:07:59.591830 #19375]  INFO -- : 0:  highline (1.6.21) from /home/salvatore/.rvm/gems/ruby-2.1.0/specifications/highline-1.6.21.gemspec
I, [2014-06-03T17:07:59.592246 #19375]  INFO -- : 0:  multi_xml (0.5.5) from /home/salvatore/.rvm/gems/ruby-2.1.0/specifications/multi_xml-0.5.5.gemspec
I, [2014-06-03T17:08:00.250645 #19375]  INFO -- : 0:  httparty (0.11.0) from /home/salvatore/.rvm/gems/ruby-2.1.0/specifications/httparty-0.11.0.gemspec
I, [2014-06-03T17:08:00.251246 #19375]  INFO -- : 0:  jquery-rails (3.1.0) from /home/salvatore/.rvm/gems/ruby-2.1.0/specifications/jquery-rails-3.1.0.gemspec
I, [2014-06-03T17:08:00.251694 #19375]  INFO -- : 0:  jquery-ui-rails (4.1.2) from /home/salvatore/.rvm/gems/ruby-2.1.0/specifications/jquery-ui-rails-4.1.2.gemspec
I, [2014-06-03T17:08:00.252133 #19375]  INFO -- : 0:  jwt (1.0.0) from /home/salvatore/.rvm/gems/ruby-2.1.0/specifications/jwt-1.0.0.gemspec
I, [2014-06-03T17:08:00.252566 #19375]  INFO -- : 0:  kaminari (0.15.1) from /home/salvatore/.rvm/gems/ruby-2.1.0/specifications/kaminari-0.15.1.gemspec
I, [2014-06-03T17:08:00.842557 #19375]  INFO -- : 0:  monetize (0.3.0) from /home/salvatore/.rvm/gems/ruby-2.1.0/specifications/monetize-0.3.0.gemspec
I, [2014-06-03T17:08:00.843131 #19375]  INFO -- : 0:  oauth (0.4.7) from /home/salvatore/.rvm/gems/ruby-2.1.0/specifications/oauth-0.4.7.gemspec
I, [2014-06-03T17:08:00.843564 #19375]  INFO -- : 0:  oauth2 (0.9.4) from /home/salvatore/.rvm/gems/ruby-2.1.0/specifications/oauth2-0.9.4.gemspec
I, [2014-06-03T17:08:00.843995 #19375]  INFO -- : 0:  paperclip (3.4.2) from /home/salvatore/.rvm/gems/ruby-2.1.0/specifications/paperclip-3.4.2.gemspec
I, [2014-06-03T17:08:00.844392 #19375]  INFO -- : 0:  paranoia (2.0.2) from /home/salvatore/.rvm/gems/ruby-2.1.0/specifications/paranoia-2.0.2.gemspec
I, [2014-06-03T17:08:00.844803 #19375]  INFO -- : 0:  polyamorous (0.6.4) from /home/salvatore/.rvm/gems/ruby-2.1.0/specifications/polyamorous-0.6.4.gemspec
I, [2014-06-03T17:08:00.845213 #19375]  INFO -- : 0:  rabl (0.9.3) from /home/salvatore/.rvm/gems/ruby-2.1.0/specifications/rabl-0.9.3.gemspec
I, [2014-06-03T17:08:00.845638 #19375]  INFO -- : 0:  ransack (1.1.0) from /home/salvatore/.rvm/gems/ruby-2.1.0/specifications/ransack-1.1.0.gemspec
I, [2014-06-03T17:08:00.846055 #19375]  INFO -- : 0:  rspec-core (2.14.8) from /home/salvatore/.rvm/gems/ruby-2.1.0/specifications/rspec-core-2.14.8.gemspec
I, [2014-06-03T17:08:00.846527 #19375]  INFO -- : 0:  rspec-expectations (2.14.5) from /home/salvatore/.rvm/gems/ruby-2.1.0/specifications/rspec-expectations-2.14.5.gemspec
I, [2014-06-03T17:08:00.846961 #19375]  INFO -- : 0:  rspec-mocks (2.14.6) from /home/salvatore/.rvm/gems/ruby-2.1.0/specifications/rspec-mocks-2.14.6.gemspec
I, [2014-06-03T17:08:00.847387 #19375]  INFO -- : 0:  rspec-rails (2.14.2) from /home/salvatore/.rvm/gems/ruby-2.1.0/specifications/rspec-rails-2.14.2.gemspec
I, [2014-06-03T17:08:01.790178 #19375]  INFO -- : 0:  sass (3.3.8) from /home/salvatore/.rvm/gems/ruby-2.1.0/specifications/sass-3.3.8.gemspec
I, [2014-06-03T17:08:01.790763 #19375]  INFO -- : 0:  sass-rails (4.0.1) from /home/salvatore/.rvm/gems/ruby-2.1.0/specifications/sass-rails-4.0.1.gemspec
I, [2014-06-03T17:08:01.791206 #19375]  INFO -- : 0:  select2-rails (3.4.9) from /home/salvatore/.rvm/gems/ruby-2.1.0/specifications/select2-rails-3.4.9.gemspec
I, [2014-06-03T17:08:01.791630 #19375]  INFO -- : 0:  simple_oauth (0.2.0) from /home/salvatore/.rvm/gems/ruby-2.1.0/specifications/simple_oauth-0.2.0.gemspec
I, [2014-06-03T17:08:01.792059 #19375]  INFO -- : 0:  state_machine (1.2.0) from /home/salvatore/.rvm/gems/ruby-2.1.0/specifications/state_machine-1.2.0.gemspec
I, [2014-06-03T17:08:01.792482 #19375]  INFO -- : 0:  stringex (1.5.1) from /home/salvatore/.rvm/gems/ruby-2.1.0/specifications/stringex-1.5.1.gemspec
I, [2014-06-03T17:08:01.792905 #19375]  INFO -- : 0:  truncate_html (0.9.2) from /home/salvatore/.rvm/gems/ruby-2.1.0/specifications/truncate_html-0.9.2.gemspec
I, [2014-06-03T17:08:02.685392 #19375]  INFO -- : 0:  spree_core (2.2.2) from /home/salvatore/.rvm/gems/ruby-2.1.0/specifications/spree_core-2.2.2.gemspec
I, [2014-06-03T17:08:02.685936 #19375]  INFO -- : 0:  versioncake (1.2.0) from /home/salvatore/.rvm/gems/ruby-2.1.0/specifications/versioncake-1.2.0.gemspec
I, [2014-06-03T17:08:03.354602 #19375]  INFO -- : 0:  spree_api (2.2.2) from /home/salvatore/.rvm/gems/ruby-2.1.0/specifications/spree_api-2.2.2.gemspec
I, [2014-06-03T17:08:04.217597 #19375]  INFO -- : 0:  spree_backend (2.2.2) from /home/salvatore/.rvm/gems/ruby-2.1.0/specifications/spree_backend-2.2.2.gemspec
I, [2014-06-03T17:08:04.810669 #19375]  INFO -- : 0:  spree_cmd (2.2.2) from /home/salvatore/.rvm/gems/ruby-2.1.0/specifications/spree_cmd-2.2.2.gemspec
I, [2014-06-03T17:08:05.679838 #19375]  INFO -- : 0:  spree_frontend (2.2.2) from /home/salvatore/.rvm/gems/ruby-2.1.0/specifications/spree_frontend-2.2.2.gemspec
I, [2014-06-03T17:08:07.087490 #19375]  INFO -- : 0:  spree_sample (2.2.2) from /home/salvatore/.rvm/gems/ruby-2.1.0/specifications/spree_sample-2.2.2.gemspec
I, [2014-06-03T17:08:07.597624 #19375]  INFO -- : 0:  spree (2.2.2) from /home/salvatore/.rvm/gems/ruby-2.1.0/specifications/spree-2.2.2.gemspec
I, [2014-06-03T17:08:07.598155 #19375]  INFO -- : 0:  webmock (1.18.0) from /home/salvatore/.rvm/gems/ruby-2.1.0/specifications/webmock-1.18.0.gemspec
I, [2014-06-03T17:08:07.598608 #19375]  INFO -- : 0:  youtube_it (2.4.0) from /home/salvatore/.rvm/gems/ruby-2.1.0/specifications/youtube_it-2.4.0.gemspec
I, [2014-06-03T17:08:07.608614 #19375]  INFO -- : 0:  spree_videos (2.1.0) from /home/salvatore/Works/pulled_gems/Spree-Videos/spree_videos.gemspec
I, [2014-06-03T17:08:07.608963 #19375]  INFO -- : 0:  sqlite3 (1.3.9) from /home/salvatore/.rvm/gems/ruby-2.1.0/specifications/sqlite3-1.3.9.gemspec
